[24-May-2024 16:15:12 UTC] Shell mysql dump error. Change SQL Mode to the "PHP Code" in the Duplicator > Settings > Packages. DETAIL:
[24-May-2024 16:15:12 UTC] Runtime error in DUP_Database::Build. Shell mysql dump error. Change SQL Mode to the "PHP Code" in the Duplicator > Settings > Packages. DETAIL:Exception: Exception: Shell mysql dump error. Change SQL Mode to the "PHP Code" in the Duplicator > Settings > Packages. in C:\Users\Lenovo\Local Sites\sayna-space\app\public\wp-content\plugins\duplicator\classes\class.logging.php:301
Stack trace:
#0 C:\Users\Lenovo\Local Sites\sayna-space\app\public\wp-content\plugins\duplicator\classes\package\class.pack.database.php(606): DUP_Log::error('Shell mysql dum...', '', 1)
#1 C:\Users\Lenovo\Local Sites\sayna-space\app\public\wp-content\plugins\duplicator\classes\package\class.pack.database.php(230): DUP_Database->mysqlDump('C:/xampp/mysql/...')
#2 C:\Users\Lenovo\Local Sites\sayna-space\app\public\wp-content\plugins\duplicator\classes\package\class.pack.php(1373): DUP_Database->build(Object(DUP_Package), 1)
#3 C:\Users\Lenovo\Local Sites\sayna-space\app\public\wp-content\plugins\duplicator\ctrls\ctrl.package.php(89): DUP_Package->runZipBuild()
#4 C:\Users\Lenovo\Local Sites\sayna-space\app\public\wp-includes\class-wp-hook.php(324): duplicator_package_build('')
#5 C:\Users\Lenovo\Local Sites\sayna-space\app\public\wp-includes\class-wp-hook.php(348): WP_Hook->apply_filters('', Array)
#6 C:\Users\Lenovo\Local Sites\sayna-space\app\public\wp-includes\plugin.php(517): WP_Hook->do_action(Array)
#7 C:\Users\Lenovo\Local Sites\sayna-space\app\public\wp-admin\admin-ajax.php(192): do_action('wp_ajax_duplica...')
#8 {main}
[24-May-2024 16:32:55 UTC] Cron reschedule event error for hook: action_scheduler_run_queue, Error code: could_not_set, Error message: The cron event list could not be saved., Data: {"schedule":"every_minute","args":["WP Cron"],"interval":60}
[27-May-2024 17:42:06 UTC] Cron reschedule event error for hook: action_scheduler_run_queue, Error code: could_not_set, Error message: The cron event list could not be saved., Data: {"schedule":"every_minute","args":["WP Cron"],"interval":60}
[29-May-2024 14:35:42 UTC] WordPress database error Table 'local.wp_ppress_plans' doesn't exist for query SELECT COUNT(id) FROM wp_ppress_plans WHERE status = 'true' made by do_action('wp_ajax_activate-plugin'), WP_Hook->do_action, WP_Hook->apply_filters, wp_ajax_activate_plugin, activate_plugin, plugin_sandbox_scrape, include_once('/plugins/wp-user-avatar/wp-user-avatar.php'), ProfilePress\Core\Base::get_instance, ProfilePress\Core\Base->__construct, ProfilePress\Core\Classes\PPRESS_Session::get_instance, ProfilePress\Core\Classes\PPRESS_Session->__construct, ProfilePress\Core\Classes\PPRESS_Session->should_start_session, ppress_is_any_active_plan
[29-May-2024 14:35:51 UTC] WordPress database error Table 'local.wp_ppress_profile_fields' doesn't exist for query ALTER TABLE wp_ppress_profile_fields CHANGE options options longtext NULL; made by require_once('wp-admin/admin.php'), require_once('wp-load.php'), require_once('wp-config.php'), require_once('wp-settings.php'), do_action('plugins_loaded'), WP_Hook->do_action, WP_Hook->apply_filters, ProfilePress\Core\Base->db_updates, ProfilePress\Core\DBUpdates->maybe_update, ProfilePress\Core\DBUpdates->update, call_user_func, ProfilePress\Core\DBUpdates->update_routine_10
[10-Jun-2024 03:10:22 UTC] Cron reschedule event error for hook: action_scheduler_run_queue, Error code: could_not_set, Error message: The cron event list could not be saved., Data: {"schedule":"every_minute","args":["WP Cron"],"interval":60}
[10-Jun-2024 16:18:28 UTC] PHP Warning:  Undefined array key "tags" in C:\Users\Lenovo\Local Sites\sayna-space\app\public\wp-content\plugins\elementor\core\page-assets\data-managers\font-icon-svg\font-awesome.php on line 45
[10-Jun-2024 16:18:28 UTC] PHP Warning:  Trying to access array offset on value of type null in C:\Users\Lenovo\Local Sites\sayna-space\app\public\wp-content\plugins\elementor\core\page-assets\data-managers\font-icon-svg\font-awesome.php on line 48
[10-Jun-2024 16:18:28 UTC] PHP Warning:  Trying to access array offset on value of type null in C:\Users\Lenovo\Local Sites\sayna-space\app\public\wp-content\plugins\elementor\core\page-assets\data-managers\font-icon-svg\font-awesome.php on line 49
[10-Jun-2024 16:18:28 UTC] PHP Warning:  Trying to access array offset on value of type null in C:\Users\Lenovo\Local Sites\sayna-space\app\public\wp-content\plugins\elementor\core\page-assets\data-managers\font-icon-svg\font-awesome.php on line 50
[13-Jun-2024 03:21:35 UTC] Cron reschedule event error for hook: action_scheduler_run_queue, Error code: could_not_set, Error message: The cron event list could not be saved., Data: {"schedule":"every_minute","args":["WP Cron"],"interval":60}
[14-Jun-2024 05:56:43 UTC] Cron reschedule event error for hook: action_scheduler_run_queue, Error code: could_not_set, Error message: The cron event list could not be saved., Data: {"schedule":"every_minute","args":["WP Cron"],"interval":60}
[17-Jun-2024 16:07:54 UTC] Cron reschedule event error for hook: action_scheduler_run_queue, Error code: could_not_set, Error message: The cron event list could not be saved., Data: {"schedule":"every_minute","args":["WP Cron"],"interval":60}
[19-Jun-2024 11:49:58 UTC] Cron reschedule event error for hook: action_scheduler_run_queue, Error code: could_not_set, Error message: The cron event list could not be saved., Data: {"schedule":"every_minute","args":["WP Cron"],"interval":60}
[24-Jun-2024 14:16:54 UTC] PHP Warning:  Undefined array key "anchor" in C:\Users\Lenovo\Local Sites\sayna-space\app\public\wp-content\plugins\elementor\includes\widgets\menu-anchor.php on line 178
[24-Jun-2024 14:23:59 UTC] PHP Warning:  Undefined array key "anchor" in C:\Users\Lenovo\Local Sites\sayna-space\app\public\wp-content\plugins\elementor\includes\widgets\menu-anchor.php on line 178
[24-Jun-2024 14:24:04 UTC] Cron reschedule event error for hook: action_scheduler_run_queue, Error code: could_not_set, Error message: The cron event list could not be saved., Data: {"schedule":"every_minute","args":["WP Cron"],"interval":60}
[24-Jun-2024 14:25:20 UTC] PHP Warning:  Undefined array key "anchor" in C:\Users\Lenovo\Local Sites\sayna-space\app\public\wp-content\plugins\elementor\includes\widgets\menu-anchor.php on line 178
[24-Jun-2024 14:28:44 UTC] PHP Warning:  Undefined array key "anchor" in C:\Users\Lenovo\Local Sites\sayna-space\app\public\wp-content\plugins\elementor\includes\widgets\menu-anchor.php on line 178
[25-Jun-2024 14:18:30 UTC] Cron reschedule event error for hook: action_scheduler_run_queue, Error code: could_not_set, Error message: The cron event list could not be saved., Data: {"schedule":"every_minute","args":["WP Cron"],"interval":60}
[25-Jun-2024 14:18:30 UTC] Cron unschedule event error for hook: do_pings, Error code: could_not_set, Error message: The cron event list could not be saved., Data: {"schedule":false,"args":[]}
[27-Jun-2024 18:26:58 UTC] Cron reschedule event error for hook: action_scheduler_run_queue, Error code: could_not_set, Error message: The cron event list could not be saved., Data: {"schedule":"every_minute","args":["WP Cron"],"interval":60}
[27-Jun-2024 18:26:58 UTC] Cron reschedule event error for hook: recovery_mode_clean_expired_keys, Error code: could_not_set, Error message: The cron event list could not be saved., Data: {"schedule":"daily","args":[],"interval":86400}
[28-Jun-2024 13:41:05 UTC] Cron reschedule event error for hook: action_scheduler_run_queue, Error code: could_not_set, Error message: The cron event list could not be saved., Data: {"schedule":"every_minute","args":["WP Cron"],"interval":60}
[28-Jun-2024 13:41:05 UTC] Cron reschedule event error for hook: wp_privacy_delete_old_export_files, Error code: could_not_set, Error message: The cron event list could not be saved., Data: {"schedule":"hourly","args":[],"interval":3600}
[28-Jun-2024 13:44:25 UTC] PHP Parse error:  Unterminated comment starting line 1984 in C:\Users\Lenovo\Local Sites\sayna-space\app\public\wp-content\plugins\exclusive-addons-for-elementor\elements\post-grid\post-grid.php on line 1984
[28-Jun-2024 13:44:42 UTC] PHP Parse error:  Unterminated comment starting line 1984 in C:\Users\Lenovo\Local Sites\sayna-space\app\public\wp-content\plugins\exclusive-addons-for-elementor\elements\post-grid\post-grid.php on line 1984
[28-Jun-2024 13:44:51 UTC] PHP Parse error:  Unterminated comment starting line 1984 in C:\Users\Lenovo\Local Sites\sayna-space\app\public\wp-content\plugins\exclusive-addons-for-elementor\elements\post-grid\post-grid.php on line 1984
[28-Jun-2024 13:45:34 UTC] PHP Parse error:  Unterminated comment starting line 1984 in C:\Users\Lenovo\Local Sites\sayna-space\app\public\wp-content\plugins\exclusive-addons-for-elementor\elements\post-grid\post-grid.php on line 1984
[02-Jul-2024 10:02:09 UTC] PHP Warning:  Undefined variable $maxitems in C:\Users\Lenovo\Local Sites\sayna-space\app\public\wp-content\plugins\happy-elementor-addons\classes\dashboard-widgets.php on line 107
[02-Jul-2024 10:02:53 UTC] PHP Warning:  Undefined variable $maxitems in C:\Users\Lenovo\Local Sites\sayna-space\app\public\wp-content\plugins\happy-elementor-addons\classes\dashboard-widgets.php on line 107
[02-Jul-2024 10:04:28 UTC] Cron reschedule event error for hook: action_scheduler_run_queue, Error code: could_not_set, Error message: The cron event list could not be saved., Data: {"schedule":"every_minute","args":["WP Cron"],"interval":60}
[18-Jul-2024 16:45:50 UTC] Cron reschedule event error for hook: action_scheduler_run_queue, Error code: could_not_set, Error message: The cron event list could not be saved., Data: {"schedule":"every_minute","args":["WP Cron"],"interval":60}
[19-Jul-2024 10:19:09 UTC] Cron reschedule event error for hook: action_scheduler_run_queue, Error code: could_not_set, Error message: The cron event list could not be saved., Data: {"schedule":"every_minute","args":["WP Cron"],"interval":60}
[22-Jul-2024 11:24:13 UTC] Cron reschedule event error for hook: action_scheduler_run_queue, Error code: could_not_set, Error message: The cron event list could not be saved., Data: {"schedule":"every_minute","args":["WP Cron"],"interval":60}
[24-Jul-2024 13:34:15 UTC] Automattic\WooCommerce\Admin\Notes\WC_Admin_Notes::delete_notes_with_name is deprecated since version 4.8.0! Use Automattic\WooCommerce\Admin\Notes\Notes::delete_notes_with_name instead.
[24-Jul-2024 13:34:22 UTC] PHP Warning:  Undefined array key "erase_plugin_data" in C:\Users\Lenovo\Local Sites\sayna-space\app\public\wp-content\plugins\pinterest-for-woocommerce\uninstall.php on line 37
